<?xml version="1.0" encoding="UTF-8"?>
<!-- Generated by org.testng.reporters.JUnitReportReporter -->
<testsuite hostname="Sachin" failures="0" tests="1" name="testcases.HeaderSectionTest" time="7.101" errors="0" timestamp="2024-02-29T00:13:08 CET" skipped="0">
  <testcase classname="testcases.HeaderSectionTest" name="clickOnLoginTest" time="7.101"/>
  <system-out/>
</testsuite> <!-- testcases.HeaderSectionTest -->
