<?xml version="1.0" encoding="UTF-8"?>
<!-- Generated by org.testng.reporters.JUnitReportReporter -->
<testsuite hostname="Sachin" failures="0" tests="1" name="testcases.ProductPageTest" time="9.508" errors="0" timestamp="2024-02-29T00:13:08 CET" skipped="0">
  <testcase classname="testcases.ProductPageTest" name="validateProductSelectionTest" time="9.508"/>
  <system-out/>
</testsuite> <!-- testcases.ProductPageTest -->
