<?xml version="1.0" encoding="UTF-8"?>
<!-- Generated by org.testng.reporters.JUnitReportReporter -->
<testsuite hostname="Sachin" failures="0" tests="2" name="testcases.RegistrationPageTest" time="16.769" errors="0" timestamp="2024-02-29T00:13:08 CET" skipped="0">
  <testcase classname="testcases.RegistrationPageTest" name="validRegistrationTest" time="8.480"/>
  <system-out/>
  <testcase classname="testcases.RegistrationPageTest" name="invalidRegistrationTest" time="8.289"/>
  <system-out/>
</testsuite> <!-- testcases.RegistrationPageTest -->
