<?xml version="1.0" encoding="UTF-8"?>
<!-- Generated by org.testng.reporters.JUnitReportReporter -->
<testsuite hostname="Sachin" failures="0" tests="5" name="testcases.LoginPageTest" time="36.806" errors="0" timestamp="2024-02-29T00:13:08 CET" skipped="0">
  <testcase classname="testcases.LoginPageTest" name="validLoginTest" time="8.062"/>
  <system-out/>
  <testcase classname="testcases.LoginPageTest" name="invalidLoginTest1" time="7.177"/>
  <system-out/>
  <testcase classname="testcases.LoginPageTest" name="invalidLoginTest2" time="7.059"/>
  <system-out/>
  <testcase classname="testcases.LoginPageTest" name="invalidLoginTest3" time="6.969"/>
  <system-out/>
  <testcase classname="testcases.LoginPageTest" name="newCustomerRegisterTest" time="7.539"/>
  <system-out/>
</testsuite> <!-- testcases.LoginPageTest -->
