<?xml version="1.0" encoding="UTF-8"?>
<!-- Generated by org.testng.reporters.JUnitReportReporter -->
<testsuite hostname="Sachin" failures="0" tests="1" name="testcases.CheckoutPageTest" time="17.763" errors="0" timestamp="2024-02-29T00:13:08 CET" skipped="0">
  <testcase classname="testcases.CheckoutPageTest" name="validateSuccessfulOrderTest" time="17.763"/>
  <system-out/>
</testsuite> <!-- testcases.CheckoutPageTest -->
