<?xml version="1.0" encoding="UTF-8"?>
<!-- Generated by org.testng.reporters.JUnitReportReporter -->
<testsuite hostname="Sachin" failures="0" tests="1" name="testcases.HomePageTest" time="7.301" errors="0" timestamp="2024-02-29T00:13:08 CET" skipped="0">
  <testcase classname="testcases.HomePageTest" name="clickOnLogoTest" time="7.301"/>
  <system-out/>
</testsuite> <!-- testcases.HomePageTest -->
