<?xml version="1.0" encoding="UTF-8"?>
<!-- Generated by org.testng.reporters.JUnitReportReporter -->
<testsuite hostname="Sachin" failures="0" tests="1" name="testcases.ShoppingCartPageTest" time="8.859" errors="0" timestamp="2024-02-29T00:13:08 CET" skipped="0">
  <testcase classname="testcases.ShoppingCartPageTest" name="validateAddToCartTest" time="8.859"/>
  <system-out/>
</testsuite> <!-- testcases.ShoppingCartPageTest -->
